<?xml version="1.0" encoding="UTF-8"?>
<!-- Generated by org.testng.reporters.JUnitXMLReporter -->
<testsuite hostname="epbyminw4546.minsk.epam.com" name="Test" tests="8" failures="3" timestamp="7 Jul 2016 11:32:02 GMT" time="16.824" errors="0">
  <testcase name="Test1Succcess" time="0.007" classname="com.testngtutorial.MyTestNGTutorial.tests.ListenerTest"/>
  <testcase name="Test2Fail" time="0.001" classname="com.testngtutorial.MyTestNGTutorial.tests.ListenerTest">
    <failure type="java.lang.AssertionError" message="I&amp;apos;m asserting false expected [true] but found [false]">
      <![CDATA[java.lang.AssertionError: I'm asserting false expected [true] but found [false]
	at com.testngtutorial.MyTestNGTutorial.tests.ListenerTest.Test2Fail(ListenerTest.java:19)
	at com.testngtutorial.MyTestNGTutorial.runner.Runner.main(Runner.java:63)
... Removed 25 stack frames]]>
    </failure>
  </testcase> <!-- Test2Fail -->
  <testcase name="Test2Skip" time="0.0" classname="com.testngtutorial.MyTestNGTutorial.tests.ListenerTest">
    <skipped/>
  </testcase> <!-- Test2Skip -->
  <testcase name="loadPage" time="0.238" classname="com.testngtutorial.MyTestNGTutorial.tests.LoginTest">
    <failure type="java.lang.AssertionError" message="expected [Facebook - Log In or Sign Up] but found [Problem loading page]">
      <![CDATA[java.lang.AssertionError: expected [Facebook - Log In or Sign Up] but found [Problem loading page]
	at com.testngtutorial.MyTestNGTutorial.tests.LoginTest.loadPage(LoginTest.java:50)
	at com.testngtutorial.MyTestNGTutorial.runner.Runner.main(Runner.java:63)
... Removed 27 stack frames]]>
    </failure>
  </testcase> <!-- loadPage -->
  <testcase name="testLoginMainPage" time="5.423" classname="com.testngtutorial.MyTestNGTutorial.tests.LoginTest">
    <failure type="org.openqa.selenium.TimeoutException" message="Timed out after 5 seconds waiting for element to be clickable: Proxy element for: DefaultElementLocator &amp;apos;By.id: email&amp;apos;
Build info: version: &amp;apos;2.53.1&amp;apos;, revision: &amp;apos;a36b8b1cd5757287168e54b817830adce9b0158d&amp;apos;, time: &amp;apos;2016-06-30 19:26:09&amp;apos;
System info: host: &amp;apos;epbyminw4546.minsk.epam.com&amp;apos;, ip: &amp;apos;10.6.183.151&amp;apos;, os.name: &amp;apos;Mac OS X&amp;apos;, os.arch: &amp;apos;x86_64&amp;apos;, os.version: &amp;apos;10.11.3&amp;apos;, java.version: &amp;apos;1.8.0_91&amp;apos;
Driver info: org.openqa.selenium.firefox.FirefoxDriver
Capabilities [{applicationCacheEnabled=true, rotatable=false, handlesAlerts=true, databaseEnabled=true, version=46.0.1, platform=MAC, nativeEvents=false, acceptSslCerts=true, webStorageEnabled=true, locationContextEnabled=true, browserName=firefox, takesScreenshot=true, javascriptEnabled=true, cssSelectorsEnabled=true}]
Session ID: ad13eebb-4890-ea44-9320-210eff0e7cc6">
      <![CDATA[org.openqa.selenium.TimeoutException: Timed out after 5 seconds waiting for element to be clickable: Proxy element for: DefaultElementLocator 'By.id: email'
Build info: version: '2.53.1', revision: 'a36b8b1cd5757287168e54b817830adce9b0158d', time: '2016-06-30 19:26:09'
System info: host: 'epbyminw4546.minsk.epam.com', ip: '10.6.183.151', os.name: 'Mac OS X', os.arch: 'x86_64', os.version: '10.11.3', java.version: '1.8.0_91'
Driver info: org.openqa.selenium.firefox.FirefoxDriver
Capabilities [{applicationCacheEnabled=true, rotatable=false, handlesAlerts=true, databaseEnabled=true, version=46.0.1, platform=MAC, nativeEvents=false, acceptSslCerts=true, webStorageEnabled=true, locationContextEnabled=true, browserName=firefox, takesScreenshot=true, javascriptEnabled=true, cssSelectorsEnabled=true}]
Session ID: ad13eebb-4890-ea44-9320-210eff0e7cc6
	at org.openqa.selenium.support.ui.WebDriverWait.timeoutException(WebDriverWait.java:80)
	at org.openqa.selenium.support.ui.FluentWait.until(FluentWait.java:261)
	at com.testngtutorial.MyTestNGTutorial.pages.FacebookMainPage.login(FacebookMainPage.java:58)
	at com.testngtutorial.MyTestNGTutorial.tests.LoginTest.testLoginMainPage(LoginTest.java:72)
	at com.testngtutorial.MyTestNGTutorial.runner.Runner.main(Runner.java:63)
Caused by: org.openqa.selenium.NoSuchElementException: Unable to locate element: {"method":"id","selector":"email"}
Command duration or timeout: 25 milliseconds
For documentation on this error, please visit: http://seleniumhq.org/exceptions/no_such_element.html
Build info: version: '2.53.1', revision: 'a36b8b1cd5757287168e54b817830adce9b0158d', time: '2016-06-30 19:26:09'
System info: host: 'epbyminw4546.minsk.epam.com', ip: '10.6.183.151', os.name: 'Mac OS X', os.arch: 'x86_64', os.version: '10.11.3', java.version: '1.8.0_91'
Driver info: org.openqa.selenium.firefox.FirefoxDriver
Capabilities [{applicationCacheEnabled=true, rotatable=false, handlesAlerts=true, databaseEnabled=true, version=46.0.1, platform=MAC, nativeEvents=false, acceptSslCerts=true, webStorageEnabled=true, locationContextEnabled=true, browserName=firefox, takesScreenshot=true, javascriptEnabled=true, cssSelectorsEnabled=true}]
Session ID: ad13eebb-4890-ea44-9320-210eff0e7cc6
*** Element info: {Using=id, value=email}
	at org.openqa.selenium.remote.ErrorHandler.createThrowable(ErrorHandler.java:206)
	at org.openqa.selenium.remote.ErrorHandler.throwIfResponseFailed(ErrorHandler.java:158)
	at org.openqa.selenium.remote.RemoteWebDriver.execute(RemoteWebDriver.java:678)
	at org.openqa.selenium.remote.RemoteWebDriver.findElement(RemoteWebDriver.java:363)
	at org.openqa.selenium.remote.RemoteWebDriver.findElementById(RemoteWebDriver.java:413)
	at org.openqa.selenium.By$ById.findElement(By.java:218)
	at org.openqa.selenium.remote.RemoteWebDriver.findElement(RemoteWebDriver.java:355)
	at org.openqa.selenium.support.pagefactory.DefaultElementLocator.findElement(DefaultElementLocator.java:69)
	at org.openqa.selenium.support.pagefactory.internal.LocatingElementHandler.invoke(LocatingElementHandler.java:38)
	at com.sun.proxy.$Proxy8.isDisplayed(Unknown Source)
	at org.openqa.selenium.support.ui.ExpectedConditions.elementIfVisible(ExpectedConditions.java:302)
	at org.openqa.selenium.support.ui.ExpectedConditions.access$100(ExpectedConditions.java:41)
	at org.openqa.selenium.support.ui.ExpectedConditions$10.apply(ExpectedConditions.java:288)
	at org.openqa.selenium.support.ui.ExpectedConditions$10.apply(ExpectedConditions.java:285)
	at org.openqa.selenium.support.ui.ExpectedConditions$23.apply(ExpectedConditions.java:687)
	at org.openqa.selenium.support.ui.ExpectedConditions$23.apply(ExpectedConditions.java:680)
	at org.openqa.selenium.support.ui.FluentWait.until(FluentWait.java:238)
	... 25 more
Caused by: org.openqa.selenium.NoSuchElementException: Unable to locate element: {"method":"id","selector":"email"}
For documentation on this error, please visit: http://seleniumhq.org/exceptions/no_such_element.html
Build info: version: '2.53.1', revision: 'a36b8b1cd5757287168e54b817830adce9b0158d', time: '2016-06-30 19:26:09'
System info: host: 'epbyminw4546.minsk.epam.com', ip: '10.6.183.151', os.name: 'Mac OS X', os.arch: 'x86_64', os.version: '10.11.3', java.version: '1.8.0_91'
Driver info: driver.version: unknown
	at <anonymous class>.FirefoxDriver.prototype.findElementInternal_(file:///var/folders/fv/3hqvz_wn4zd0h4brq6wlh9240009rh/T/anonymous7616744957813286774webdriver-profile/extensions/fxdriver@googlecode.com/components/driver-component.js:10770)
	at <anonymous class>.FirefoxDriver.prototype.findElement(file:///var/folders/fv/3hqvz_wn4zd0h4brq6wlh9240009rh/T/anonymous7616744957813286774webdriver-profile/extensions/fxdriver@googlecode.com/components/driver-component.js:10779)
	at <anonymous class>.DelayedCommand.prototype.executeInternal_/h(file:///var/folders/fv/3hqvz_wn4zd0h4brq6wlh9240009rh/T/anonymous7616744957813286774webdriver-profile/extensions/fxdriver@googlecode.com/components/command-processor.js:12661)
	at <anonymous class>.DelayedCommand.prototype.executeInternal_(file:///var/folders/fv/3hqvz_wn4zd0h4brq6wlh9240009rh/T/anonymous7616744957813286774webdriver-profile/extensions/fxdriver@googlecode.com/components/command-processor.js:12666)
	at <anonymous class>.DelayedCommand.prototype.execute/<(file:///var/folders/fv/3hqvz_wn4zd0h4brq6wlh9240009rh/T/anonymous7616744957813286774webdriver-profile/extensions/fxdriver@googlecode.com/components/command-processor.js:12608)
... Removed 26 stack frames]]>
    </failure>
  </testcase> <!-- testLoginMainPage -->
  <testcase name="testLoginMainPage" time="4.664" classname="com.testngtutorial.MyTestNGTutorial.tests.LoginTest"/>
  <testcase name="filloutEmailFld" time="0.0" classname="com.testngtutorial.MyTestNGTutorial.tests.LoginTest">
    <skipped/>
  </testcase> <!-- filloutEmailFld -->
  <testcase name="filloutPassFld" time="0.0" classname="com.testngtutorial.MyTestNGTutorial.tests.LoginTest">
    <skipped/>
  </testcase> <!-- filloutPassFld -->
</testsuite> <!-- Test -->
